<?xml version="1.0" encoding="UTF-8" ?>
<testsuites id="2026-01-04" name="report_1" tests="1" failures="0" skipped="0" flaky="0" time="0.000">
	<testsuite id="0" name="test_game_services" package="src/tests" timestamp="2026-01-04T18:34:57" hostname="localhost" tests="1" failures="0" errors="1" skipped="0" flaky="0" time="0.035">
		<testcase name="test_core_services_always_loaded" classname="test_game_services" time="0.021">
			<error message="ERROR: res://src/tests/test_game_services.gd:28" type="ABORT">
<![CDATA[
Godot Runtime Error !
	'at: test_core_services_always_loaded (res://src/tests/test_game_services.gd:28)'
Error: 'Invalid access to property or key 'events' on a base object of type 'Nil'.'
]]>
			</error>
		</testcase>
	</testsuite>
</testsuites>
